# JRE version: OpenJDK Runtime Environment Temurin-21.0.8+9 (21.0.8+9) (build 21.0.8+9-LTS)
# Java VM: OpenJDK 64-Bit Server VM Temurin-21.0.8+9 (21.0.8+9-LTS, mixed mode, sharing, tiered, compressed oops, compressed class ptrs, parallel gc, windows-amd64)
GC Precious Log:
 CardTable entry size: 512
 CPUs: 8 total, 8 available
 Memory: 8057M
 Large Page Support: Disabled
 NUMA Support: Disabled
 Compressed Oops: Enabled (32-bit)
 Alignments: Space 512K, Generation 512K, Heap 2M
 Heap Min Capacity: 100M
 Heap Initial Capacity: 100M
 Heap Max Capacity: 2G
 Pre-touch: Disabled
 Parallel Workers: 8
Heap:
 PSYoungGen      total 1536K, used 828K [0x00000000d5580000, 0x00000000d5800000, 0x0000000100000000)
  eden space 1024K, 55% used [0x00000000d5580000,0x00000000d560f288,0x00000000d5680000)
  from space 512K, 50% used [0x00000000d5700000,0x00000000d5740000,0x00000000d5780000)
  to   space 512K, 0% used [0x00000000d5780000,0x00000000d5780000,0x00000000d5800000)
 ParOldGen       total 803840K, used 422267K [0x0000000080000000, 0x00000000b1100000, 0x00000000d5580000)
  object space 803840K, 52% used [0x0000000080000000,0x0000000099c5efd8,0x00000000b1100000)
 Metaspace       used 71387K, committed 72960K, reserved 1179648K
  class space    used 7159K, committed 7808K, reserved 1048576K
GC Heap History (20 events):
Event: 319.246 GC heap before
{Heap before GC invocations=1444 (full 4):
 PSYoungGen      total 1536K, used 1296K [0x00000000d5580000, 0x00000000d5800000, 0x0000000100000000)
  eden space 1024K, 100% used [0x00000000d5580000,0x00000000d5680000,0x00000000d5680000)
  from space 512K, 53% used [0x00000000d5700000,0x00000000d5744030,0x00000000d5780000)
  to   space 512K, 0% used [0x00000000d5780000,0x00000000d5780000,0x00000000d5800000)
 ParOldGen       total 803840K, used 421515K [0x0000000080000000, 0x00000000b1100000, 0x00000000d5580000)
  object space 803840K, 52% used [0x0000000080000000,0x0000000099ba2fa8,0x00000000b1100000)
 Metaspace       used 71105K, committed 72704K, reserved 1179648K
  class space    used 7133K, committed 7808K, reserved 1048576K
}
Event: 319.249 GC heap after
{Heap after GC invocations=1444 (full 4):
 PSYoungGen      total 1536K, used 224K [0x00000000d5580000, 0x00000000d5800000, 0x0000000100000000)
  eden space 1024K, 0% used [0x00000000d5580000,0x00000000d5580000,0x00000000d5680000)
  from space 512K, 43% used [0x00000000d5780000,0x00000000d57b8000,0x00000000d5800000)
  to   space 512K, 0% used [0x00000000d5700000,0x00000000d5700000,0x00000000d5780000)
 ParOldGen       total 803840K, used 421699K [0x0000000080000000, 0x00000000b1100000, 0x00000000d5580000)
  object space 803840K, 52% used [0x0000000080000000,0x0000000099bd0fd8,0x00000000b1100000)
 Metaspace       used 71105K, committed 72704K, reserved 1179648K
  class space    used 7133K, committed 7808K, reserved 1048576K
}
Event: 319.314 GC heap before
{Heap before GC invocations=1445 (full 4):
 PSYoungGen      total 1536K, used 1248K [0x00000000d5580000, 0x00000000d5800000, 0x0000000100000000)
  eden space 1024K, 100% used [0x00000000d5580000,0x00000000d5680000,0x00000000d5680000)
  from space 512K, 43% used [0x00000000d5780000,0x00000000d57b8000,0x00000000d5800000)
  to   space 512K, 0% used [0x00000000d5700000,0x00000000d5700000,0x00000000d5780000)
 ParOldGen       total 803840K, used 421699K [0x0000000080000000, 0x00000000b1100000, 0x00000000d5580000)
  object space 803840K, 52% used [0x0000000080000000,0x0000000099bd0fd8,0x00000000b1100000)
 Metaspace       used 71105K, committed 72704K, reserved 1179648K
  class space    used 7133K, committed 7808K, reserved 1048576K
}
Event: 319.316 GC heap after
{Heap after GC invocations=1445 (full 4):
 PSYoungGen      total 1536K, used 256K [0x00000000d5580000, 0x00000000d5800000, 0x0000000100000000)
  eden space 1024K, 0% used [0x00000000d5580000,0x00000000d5580000,0x00000000d5680000)
  from space 512K, 50% used [0x00000000d5700000,0x00000000d5740000,0x00000000d5780000)
  to   space 512K, 0% used [0x00000000d5780000,0x00000000d5780000,0x00000000d5800000)
 ParOldGen       total 803840K, used 421763K [0x0000000080000000, 0x00000000b1100000, 0x00000000d5580000)
  object space 803840K, 52% used [0x0000000080000000,0x0000000099be0fd8,0x00000000b1100000)
 Metaspace       used 71105K, committed 72704K, reserved 1179648K
  class space    used 7133K, committed 7808K, reserved 1048576K
}
Event: 319.368 GC heap before
{Heap before GC invocations=1446 (full 4):
 PSYoungGen      total 1536K, used 1280K [0x00000000d5580000, 0x00000000d5800000, 0x0000000100000000)
  eden space 1024K, 100% used [0x00000000d5580000,0x00000000d5680000,0x00000000d5680000)
  from space 512K, 50% used [0x00000000d5700000,0x00000000d5740000,0x00000000d5780000)
  to   space 512K, 0% used [0x00000000d5780000,0x00000000d5780000,0x00000000d5800000)
 ParOldGen       total 803840K, used 421763K [0x0000000080000000, 0x00000000b1100000, 0x00000000d5580000)
  object space 803840K, 52% used [0x0000000080000000,0x0000000099be0fd8,0x00000000b1100000)
 Metaspace       used 71106K, committed 72704K, reserved 1179648K
  class space    used 7133K, committed 7808K, reserved 1048576K
}
Event: 319.370 GC heap after
{Heap after GC invocations=1446 (full 4):
 PSYoungGen      total 1536K, used 160K [0x00000000d5580000, 0x00000000d5800000, 0x0000000100000000)
  eden space 1024K, 0% used [0x00000000d5580000,0x00000000d5580000,0x00000000d5680000)
  from space 512K, 31% used [0x00000000d5780000,0x00000000d57a8000,0x00000000d5800000)
  to   space 512K, 0% used [0x00000000d5700000,0x00000000d5700000,0x00000000d5780000)
 ParOldGen       total 803840K, used 421819K [0x0000000080000000, 0x00000000b1100000, 0x00000000d5580000)
  object space 803840K, 52% used [0x0000000080000000,0x0000000099beefd8,0x00000000b1100000)
 Metaspace       used 71106K, committed 72704K, reserved 1179648K
  class space    used 7133K, committed 7808K, reserved 1048576K
}
Event: 319.425 GC heap before
{Heap before GC invocations=1447 (full 4):
 PSYoungGen      total 1536K, used 1184K [0x00000000d5580000, 0x00000000d5800000, 0x0000000100000000)
  eden space 1024K, 100% used [0x00000000d5580000,0x00000000d5680000,0x00000000d5680000)
  from space 512K, 31% used [0x00000000d5780000,0x00000000d57a8000,0x00000000d5800000)
  to   space 512K, 0% used [0x00000000d5700000,0x00000000d5700000,0x00000000d5780000)
 ParOldGen       total 803840K, used 421819K [0x0000000080000000, 0x00000000b1100000, 0x00000000d5580000)
  object space 803840K, 52% used [0x0000000080000000,0x0000000099beefd8,0x00000000b1100000)
 Metaspace       used 71106K, committed 72704K, reserved 1179648K
  class space    used 7133K, committed 7808K, reserved 1048576K
}
Event: 319.428 GC heap after
{Heap after GC invocations=1447 (full 4):
 PSYoungGen      total 1536K, used 160K [0x00000000d5580000, 0x00000000d5800000, 0x0000000100000000)
  eden space 1024K, 0% used [0x00000000d5580000,0x00000000d5580000,0x00000000d5680000)
  from space 512K, 31% used [0x00000000d5700000,0x00000000d5728000,0x00000000d5780000)
  to   space 512K, 0% used [0x00000000d5780000,0x00000000d5780000,0x00000000d5800000)
 ParOldGen       total 803840K, used 421867K [0x0000000080000000, 0x00000000b1100000, 0x00000000d5580000)
  object space 803840K, 52% used [0x0000000080000000,0x0000000099bfafd8,0x00000000b1100000)
 Metaspace       used 71106K, committed 72704K, reserved 1179648K
  class space    used 7133K, committed 7808K, reserved 1048576K
}
Event: 319.481 GC heap before
{Heap before GC invocations=1448 (full 4):
 PSYoungGen      total 1536K, used 1184K [0x00000000d5580000, 0x00000000d5800000, 0x0000000100000000)
  eden space 1024K, 100% used [0x00000000d5580000,0x00000000d5680000,0x00000000d5680000)
  from space 512K, 31% used [0x00000000d5700000,0x00000000d5728000,0x00000000d5780000)
  to   space 512K, 0% used [0x00000000d5780000,0x00000000d5780000,0x00000000d5800000)
 ParOldGen       total 803840K, used 421867K [0x0000000080000000, 0x00000000b1100000, 0x00000000d5580000)
  object space 803840K, 52% used [0x0000000080000000,0x0000000099bfafd8,0x00000000b1100000)
 Metaspace       used 71106K, committed 72704K, reserved 1179648K
  class space    used 7133K, committed 7808K, reserved 1048576K
}
Event: 319.484 GC heap after
{Heap after GC invocations=1448 (full 4):
 PSYoungGen      total 1536K, used 160K [0x00000000d5580000, 0x00000000d5800000, 0x0000000100000000)
  eden space 1024K, 0% used [0x00000000d5580000,0x00000000d5580000,0x00000000d5680000)
  from space 512K, 31% used [0x00000000d5780000,0x00000000d57a8000,0x00000000d5800000)
  to   space 512K, 0% used [0x00000000d5700000,0x00000000d5700000,0x00000000d5780000)
 ParOldGen       total 803840K, used 421955K [0x0000000080000000, 0x00000000b1100000, 0x00000000d5580000)
  object space 803840K, 52% used [0x0000000080000000,0x0000000099c10fd8,0x00000000b1100000)
 Metaspace       used 71106K, committed 72704K, reserved 1179648K
  class space    used 7133K, committed 7808K, reserved 1048576K
}
Event: 319.532 GC heap before
{Heap before GC invocations=1449 (full 4):
 PSYoungGen      total 1536K, used 1183K [0x00000000d5580000, 0x00000000d5800000, 0x0000000100000000)
  eden space 1024K, 99% used [0x00000000d5580000,0x00000000d567fff0,0x00000000d5680000)
  from space 512K, 31% used [0x00000000d5780000,0x00000000d57a8000,0x00000000d5800000)
  to   space 512K, 0% used [0x00000000d5700000,0x00000000d5700000,0x00000000d5780000)
 ParOldGen       total 803840K, used 421955K [0x0000000080000000, 0x00000000b1100000, 0x00000000d5580000)
  object space 803840K, 52% used [0x0000000080000000,0x0000000099c10fd8,0x00000000b1100000)
 Metaspace       used 71106K, committed 72704K, reserved 1179648K
  class space    used 7133K, committed 7808K, reserved 1048576K
}
Event: 319.534 GC heap after
{Heap after GC invocations=1449 (full 4):
 PSYoungGen      total 1536K, used 192K [0x00000000d5580000, 0x00000000d5800000, 0x0000000100000000)
  eden space 1024K, 0% used [0x00000000d5580000,0x00000000d5580000,0x00000000d5680000)
  from space 512K, 37% used [0x00000000d5700000,0x00000000d5730000,0x00000000d5780000)
  to   space 512K, 0% used [0x00000000d5780000,0x00000000d5780000,0x00000000d5800000)
 ParOldGen       total 803840K, used 422027K [0x0000000080000000, 0x00000000b1100000, 0x00000000d5580000)
  object space 803840K, 52% used [0x0000000080000000,0x0000000099c22fd8,0x00000000b1100000)
 Metaspace       used 71106K, committed 72704K, reserved 1179648K
  class space    used 7133K, committed 7808K, reserved 1048576K
}
Event: 319.580 GC heap before
{Heap before GC invocations=1450 (full 4):
 PSYoungGen      total 1536K, used 1216K [0x00000000d5580000, 0x00000000d5800000, 0x0000000100000000)
  eden space 1024K, 100% used [0x00000000d5580000,0x00000000d5680000,0x00000000d5680000)
  from space 512K, 37% used [0x00000000d5700000,0x00000000d5730000,0x00000000d5780000)
  to   space 512K, 0% used [0x00000000d5780000,0x00000000d5780000,0x00000000d5800000)
 ParOldGen       total 803840K, used 422027K [0x0000000080000000, 0x00000000b1100000, 0x00000000d5580000)
  object space 803840K, 52% used [0x0000000080000000,0x0000000099c22fd8,0x00000000b1100000)
 Metaspace       used 71106K, committed 72704K, reserved 1179648K
  class space    used 7133K, committed 7808K, reserved 1048576K
}
Event: 319.582 GC heap after
{Heap after GC invocations=1450 (full 4):
 PSYoungGen      total 1536K, used 224K [0x00000000d5580000, 0x00000000d5800000, 0x0000000100000000)
  eden space 1024K, 0% used [0x00000000d5580000,0x00000000d5580000,0x00000000d5680000)
  from space 512K, 43% used [0x00000000d5780000,0x00000000d57b8000,0x00000000d5800000)
  to   space 512K, 0% used [0x00000000d5700000,0x00000000d5700000,0x00000000d5780000)
 ParOldGen       total 803840K, used 422099K [0x0000000080000000, 0x00000000b1100000, 0x00000000d5580000)
  object space 803840K, 52% used [0x0000000080000000,0x0000000099c34fd8,0x00000000b1100000)
 Metaspace       used 71106K, committed 72704K, reserved 1179648K
  class space    used 7133K, committed 7808K, reserved 1048576K
}
Event: 353.430 GC heap before
{Heap before GC invocations=1451 (full 4):
 PSYoungGen      total 1536K, used 1220K [0x00000000d5580000, 0x00000000d5800000, 0x0000000100000000)
  eden space 1024K, 97% used [0x00000000d5580000,0x00000000d5679388,0x00000000d5680000)
  from space 512K, 43% used [0x00000000d5780000,0x00000000d57b8000,0x00000000d5800000)
  to   space 512K, 0% used [0x00000000d5700000,0x00000000d5700000,0x00000000d5780000)
 ParOldGen       total 803840K, used 422099K [0x0000000080000000, 0x00000000b1100000, 0x00000000d5580000)
  object space 803840K, 52% used [0x0000000080000000,0x0000000099c34fd8,0x00000000b1100000)
 Metaspace       used 71169K, committed 72768K, reserved 1179648K
  class space    used 7145K, committed 7808K, reserved 1048576K
}
Event: 353.435 GC heap after
{Heap after GC invocations=1451 (full 4):
 PSYoungGen      total 1536K, used 257K [0x00000000d5580000, 0x00000000d5800000, 0x0000000100000000)
  eden space 1024K, 0% used [0x00000000d5580000,0x00000000d5580000,0x00000000d5680000)
  from space 512K, 50% used [0x00000000d5700000,0x00000000d57407d0,0x00000000d5780000)
  to   space 512K, 0% used [0x00000000d5780000,0x00000000d5780000,0x00000000d5800000)
 ParOldGen       total 803840K, used 422115K [0x0000000080000000, 0x00000000b1100000, 0x00000000d5580000)
  object space 803840K, 52% used [0x0000000080000000,0x0000000099c38fd8,0x00000000b1100000)
 Metaspace       used 71169K, committed 72768K, reserved 1179648K
  class space    used 7145K, committed 7808K, reserved 1048576K
}
Event: 353.506 GC heap before
{Heap before GC invocations=1452 (full 4):
 PSYoungGen      total 1536K, used 1281K [0x00000000d5580000, 0x00000000d5800000, 0x0000000100000000)
  eden space 1024K, 100% used [0x00000000d5580000,0x00000000d5680000,0x00000000d5680000)
  from space 512K, 50% used [0x00000000d5700000,0x00000000d57407d0,0x00000000d5780000)
  to   space 512K, 0% used [0x00000000d5780000,0x00000000d5780000,0x00000000d5800000)
 ParOldGen       total 803840K, used 422115K [0x0000000080000000, 0x00000000b1100000, 0x00000000d5580000)
  object space 803840K, 52% used [0x0000000080000000,0x0000000099c38fd8,0x00000000b1100000)
 Metaspace       used 71359K, committed 72960K, reserved 1179648K
  class space    used 7156K, committed 7808K, reserved 1048576K
}
Event: 353.508 GC heap after
{Heap after GC invocations=1452 (full 4):
 PSYoungGen      total 1536K, used 192K [0x00000000d5580000, 0x00000000d5800000, 0x0000000100000000)
  eden space 1024K, 0% used [0x00000000d5580000,0x00000000d5580000,0x00000000d5680000)
  from space 512K, 37% used [0x00000000d5780000,0x00000000d57b0000,0x00000000d5800000)
  to   space 512K, 0% used [0x00000000d5700000,0x00000000d5700000,0x00000000d5780000)
 ParOldGen       total 803840K, used 422171K [0x0000000080000000, 0x00000000b1100000, 0x00000000d5580000)
  object space 803840K, 52% used [0x0000000080000000,0x0000000099c46fd8,0x00000000b1100000)
 Metaspace       used 71359K, committed 72960K, reserved 1179648K
  class space    used 7156K, committed 7808K, reserved 1048576K
}
Event: 353.734 GC heap before
{Heap before GC invocations=1453 (full 4):
 PSYoungGen      total 1536K, used 1216K [0x00000000d5580000, 0x00000000d5800000, 0x0000000100000000)
  eden space 1024K, 100% used [0x00000000d5580000,0x00000000d5680000,0x00000000d5680000)
  from space 512K, 37% used [0x00000000d5780000,0x00000000d57b0000,0x00000000d5800000)
  to   space 512K, 0% used [0x00000000d5700000,0x00000000d5700000,0x00000000d5780000)
 ParOldGen       total 803840K, used 422171K [0x0000000080000000, 0x00000000b1100000, 0x00000000d5580000)
  object space 803840K, 52% used [0x0000000080000000,0x0000000099c46fd8,0x00000000b1100000)
 Metaspace       used 71387K, committed 72960K, reserved 1179648K
  class space    used 7159K, committed 7808K, reserved 1048576K
}
Event: 353.736 GC heap after
{Heap after GC invocations=1453 (full 4):
 PSYoungGen      total 1536K, used 256K [0x00000000d5580000, 0x00000000d5800000, 0x0000000100000000)
  eden space 1024K, 0% used [0x00000000d5580000,0x00000000d5580000,0x00000000d5680000)
  from space 512K, 50% used [0x00000000d5700000,0x00000000d5740000,0x00000000d5780000)
  to   space 512K, 0% used [0x00000000d5780000,0x00000000d5780000,0x00000000d5800000)
 ParOldGen       total 803840K, used 422267K [0x0000000080000000, 0x00000000b1100000, 0x00000000d5580000)
  object space 803840K, 52% used [0x0000000080000000,0x0000000099c5efd8,0x00000000b1100000)
 Metaspace       used 71387K, committed 72960K, reserved 1179648K
  class space    used 7159K, committed 7808K, reserved 1048576K
}

