# JRE version: Java(TM) SE Runtime Environment (17.0.14+8) (build 17.0.14+8-LTS-191)
# Java VM: Java HotSpot(TM) 64-Bit Server VM (17.0.14+8-LTS-191, mixed mode, emulated-client, sharing, tiered, compressed oops, compressed class ptrs, g1 gc, windows-amd64)
GC Precious Log:
 CPUs: 8 total, 8 available
 Memory: 8057M
 Large Page Support: Disabled
 NUMA Support: Disabled
 Compressed Oops: Enabled (32-bit)
 Heap Region Size: 1M
 Heap Min Capacity: 8M
 Heap Initial Capacity: 126M
 Heap Max Capacity: 2016M
 Pre-touch: Disabled
 Parallel Workers: 8
 Concurrent Workers: 2
 Concurrent Refinement Workers: 8
 Periodic GC: Disabled
Heap:
 garbage-first heap   total 201728K, used 61437K [0x0000000082000000, 0x0000000100000000)
  region size 1024K, 1 young (1024K), 1 survivors (1024K)
 Metaspace       used 65232K, committed 65856K, reserved 1114112K
  class space    used 9797K, committed 10112K, reserved 1048576K
GC Heap History (20 events):
Event: 8.881 GC heap after
{Heap after GC invocations=25 (full 0):
 garbage-first heap   total 109568K, used 42279K [0x0000000082000000, 0x0000000100000000)
  region size 1024K, 1 young (1024K), 1 survivors (1024K)
 Metaspace       used 64051K, committed 64704K, reserved 1114112K
  class space    used 9617K, committed 9920K, reserved 1048576K
}
Event: 9.069 GC heap before
{Heap before GC invocations=25 (full 0):
 garbage-first heap   total 109568K, used 88359K [0x0000000082000000, 0x0000000100000000)
  region size 1024K, 46 young (47104K), 1 survivors (1024K)
 Metaspace       used 64213K, committed 64832K, reserved 1114112K
  class space    used 9631K, committed 9920K, reserved 1048576K
}
Event: 9.076 GC heap after
{Heap after GC invocations=26 (full 0):
 garbage-first heap   total 109568K, used 50250K [0x0000000082000000, 0x0000000100000000)
  region size 1024K, 6 young (6144K), 6 survivors (6144K)
 Metaspace       used 64213K, committed 64832K, reserved 1114112K
  class space    used 9631K, committed 9920K, reserved 1048576K
}
Event: 9.171 GC heap before
{Heap before GC invocations=26 (full 0):
 garbage-first heap   total 109568K, used 84042K [0x0000000082000000, 0x0000000100000000)
  region size 1024K, 39 young (39936K), 6 survivors (6144K)
 Metaspace       used 64214K, committed 64832K, reserved 1114112K
  class space    used 9631K, committed 9920K, reserved 1048576K
}
Event: 9.180 GC heap after
{Heap after GC invocations=27 (full 0):
 garbage-first heap   total 109568K, used 56174K [0x0000000082000000, 0x0000000100000000)
  region size 1024K, 5 young (5120K), 5 survivors (5120K)
 Metaspace       used 64214K, committed 64832K, reserved 1114112K
  class space    used 9631K, committed 9920K, reserved 1048576K
}
Event: 9.253 GC heap before
{Heap before GC invocations=27 (full 0):
 garbage-first heap   total 109568K, used 84846K [0x0000000082000000, 0x0000000100000000)
  region size 1024K, 33 young (33792K), 5 survivors (5120K)
 Metaspace       used 64214K, committed 64832K, reserved 1114112K
  class space    used 9631K, committed 9920K, reserved 1048576K
}
Event: 9.262 GC heap after
{Heap after GC invocations=28 (full 0):
 garbage-first heap   total 109568K, used 67723K [0x0000000082000000, 0x0000000100000000)
  region size 1024K, 5 young (5120K), 5 survivors (5120K)
 Metaspace       used 64214K, committed 64832K, reserved 1114112K
  class space    used 9631K, committed 9920K, reserved 1048576K
}
Event: 9.313 GC heap before
{Heap before GC invocations=28 (full 0):
 garbage-first heap   total 109568K, used 83083K [0x0000000082000000, 0x0000000100000000)
  region size 1024K, 20 young (20480K), 5 survivors (5120K)
 Metaspace       used 64215K, committed 64832K, reserved 1114112K
  class space    used 9631K, committed 9920K, reserved 1048576K
}
Event: 9.327 GC heap after
{Heap after GC invocations=29 (full 0):
 garbage-first heap   total 201728K, used 73643K [0x0000000082000000, 0x0000000100000000)
  region size 1024K, 3 young (3072K), 3 survivors (3072K)
 Metaspace       used 64215K, committed 64832K, reserved 1114112K
  class space    used 9631K, committed 9920K, reserved 1048576K
}
Event: 9.865 GC heap before
{Heap before GC invocations=30 (full 0):
 garbage-first heap   total 201728K, used 136107K [0x0000000082000000, 0x0000000100000000)
  region size 1024K, 64 young (65536K), 3 survivors (3072K)
 Metaspace       used 65239K, committed 65856K, reserved 1114112K
  class space    used 9799K, committed 10112K, reserved 1048576K
}
Event: 9.879 GC heap after
{Heap after GC invocations=31 (full 0):
 garbage-first heap   total 201728K, used 91328K [0x0000000082000000, 0x0000000100000000)
  region size 1024K, 8 young (8192K), 8 survivors (8192K)
 Metaspace       used 65239K, committed 65856K, reserved 1114112K
  class space    used 9799K, committed 10112K, reserved 1048576K
}
Event: 9.886 GC heap before
{Heap before GC invocations=31 (full 0):
 garbage-first heap   total 201728K, used 92352K [0x0000000082000000, 0x0000000100000000)
  region size 1024K, 9 young (9216K), 8 survivors (8192K)
 Metaspace       used 65242K, committed 65856K, reserved 1114112K
  class space    used 9799K, committed 10112K, reserved 1048576K
}
Event: 9.898 GC heap after
{Heap after GC invocations=32 (full 0):
 garbage-first heap   total 201728K, used 92610K [0x0000000082000000, 0x0000000100000000)
  region size 1024K, 2 young (2048K), 2 survivors (2048K)
 Metaspace       used 65242K, committed 65856K, reserved 1114112K
  class space    used 9799K, committed 10112K, reserved 1048576K
}
Event: 10.056 GC heap before
{Heap before GC invocations=32 (full 0):
 garbage-first heap   total 201728K, used 140738K [0x0000000082000000, 0x0000000100000000)
  region size 1024K, 49 young (50176K), 2 survivors (2048K)
 Metaspace       used 65242K, committed 65856K, reserved 1114112K
  class space    used 9799K, committed 10112K, reserved 1048576K
}
Event: 10.062 GC heap after
{Heap after GC invocations=33 (full 0):
 garbage-first heap   total 201728K, used 99995K [0x0000000082000000, 0x0000000100000000)
  region size 1024K, 7 young (7168K), 7 survivors (7168K)
 Metaspace       used 65242K, committed 65856K, reserved 1114112K
  class space    used 9799K, committed 10112K, reserved 1048576K
}
Event: 10.210 GC heap before
{Heap before GC invocations=34 (full 0):
 garbage-first heap   total 201728K, used 135835K [0x0000000082000000, 0x0000000100000000)
  region size 1024K, 53 young (54272K), 7 survivors (7168K)
 Metaspace       used 65232K, committed 65856K, reserved 1114112K
  class space    used 9797K, committed 10112K, reserved 1048576K
}
Event: 10.215 GC heap after
{Heap after GC invocations=35 (full 0):
 garbage-first heap   total 201728K, used 90939K [0x0000000082000000, 0x0000000100000000)
  region size 1024K, 2 young (2048K), 2 survivors (2048K)
 Metaspace       used 65232K, committed 65856K, reserved 1114112K
  class space    used 9797K, committed 10112K, reserved 1048576K
}
Event: 10.237 GC heap before
{Heap before GC invocations=35 (full 0):
 garbage-first heap   total 201728K, used 98107K [0x0000000082000000, 0x0000000100000000)
  region size 1024K, 9 young (9216K), 2 survivors (2048K)
 Metaspace       used 65232K, committed 65856K, reserved 1114112K
  class space    used 9797K, committed 10112K, reserved 1048576K
}
Event: 10.239 GC heap after
{Heap after GC invocations=36 (full 0):
 garbage-first heap   total 201728K, used 72852K [0x0000000082000000, 0x0000000100000000)
  region size 1024K, 2 young (2048K), 2 survivors (2048K)
 Metaspace       used 65232K, committed 65856K, reserved 1114112K
  class space    used 9797K, committed 10112K, reserved 1048576K
}
Event: 10.262 GC heap before
{Heap before GC invocations=36 (full 0):
 garbage-first heap   total 201728K, used 80020K [0x0000000082000000, 0x0000000100000000)
  region size 1024K, 9 young (9216K), 2 survivors (2048K)
 Metaspace       used 65232K, committed 65856K, reserved 1114112K
  class space    used 9797K, committed 10112K, reserved 1048576K
}

