# JRE version: Java(TM) SE Runtime Environment (17.0.14+8) (build 17.0.14+8-LTS-191)
# Java VM: Java HotSpot(TM) 64-Bit Server VM (17.0.14+8-LTS-191, mixed mode, emulated-client, sharing, tiered, compressed oops, compressed class ptrs, g1 gc, windows-amd64)
GC Precious Log:
 CPUs: 8 total, 8 available
 Memory: 8057M
 Large Page Support: Disabled
 NUMA Support: Disabled
 Compressed Oops: Enabled (32-bit)
 Heap Region Size: 1M
 Heap Min Capacity: 8M
 Heap Initial Capacity: 126M
 Heap Max Capacity: 2016M
 Pre-touch: Disabled
 Parallel Workers: 8
 Concurrent Workers: 2
 Concurrent Refinement Workers: 8
 Periodic GC: Disabled
Heap:
 garbage-first heap   total 65536K, used 39302K [0x0000000082000000, 0x0000000100000000)
  region size 1024K, 16 young (16384K), 3 survivors (3072K)
 Metaspace       used 52400K, committed 52928K, reserved 1114112K
  class space    used 7657K, committed 7936K, reserved 1048576K
GC Heap History (20 events):
Event: 2.875 GC heap before
{Heap before GC invocations=2 (full 0):
 garbage-first heap   total 129024K, used 56710K [0x0000000082000000, 0x0000000100000000)
  region size 1024K, 47 young (48128K), 2 survivors (2048K)
 Metaspace       used 19074K, committed 19520K, reserved 1114112K
  class space    used 2647K, committed 2880K, reserved 1048576K
}
Event: 2.883 GC heap after
{Heap after GC invocations=3 (full 0):
 garbage-first heap   total 129024K, used 14320K [0x0000000082000000, 0x0000000100000000)
  region size 1024K, 5 young (5120K), 5 survivors (5120K)
 Metaspace       used 19074K, committed 19520K, reserved 1114112K
  class space    used 2647K, committed 2880K, reserved 1048576K
}
Event: 4.517 GC heap before
{Heap before GC invocations=3 (full 0):
 garbage-first heap   total 129024K, used 41968K [0x0000000082000000, 0x0000000100000000)
  region size 1024K, 33 young (33792K), 5 survivors (5120K)
 Metaspace       used 21091K, committed 21504K, reserved 1114112K
  class space    used 2917K, committed 3136K, reserved 1048576K
}
Event: 4.524 GC heap after
{Heap after GC invocations=4 (full 0):
 garbage-first heap   total 129024K, used 17152K [0x0000000082000000, 0x0000000100000000)
  region size 1024K, 7 young (7168K), 7 survivors (7168K)
 Metaspace       used 21091K, committed 21504K, reserved 1114112K
  class space    used 2917K, committed 3136K, reserved 1048576K
}
Event: 5.461 GC heap before
{Heap before GC invocations=5 (full 0):
 garbage-first heap   total 65536K, used 48896K [0x0000000082000000, 0x0000000100000000)
  region size 1024K, 38 young (38912K), 7 survivors (7168K)
 Metaspace       used 23887K, committed 24384K, reserved 1114112K
  class space    used 3337K, committed 3584K, reserved 1048576K
}
Event: 5.470 GC heap after
{Heap after GC invocations=6 (full 0):
 garbage-first heap   total 65536K, used 18763K [0x0000000082000000, 0x0000000100000000)
  region size 1024K, 3 young (3072K), 3 survivors (3072K)
 Metaspace       used 23887K, committed 24384K, reserved 1114112K
  class space    used 3337K, committed 3584K, reserved 1048576K
}
Event: 6.122 GC heap before
{Heap before GC invocations=6 (full 0):
 garbage-first heap   total 65536K, used 44363K [0x0000000082000000, 0x0000000100000000)
  region size 1024K, 29 young (29696K), 3 survivors (3072K)
 Metaspace       used 26921K, committed 27392K, reserved 1114112K
  class space    used 3814K, committed 4032K, reserved 1048576K
}
Event: 6.128 GC heap after
{Heap after GC invocations=7 (full 0):
 garbage-first heap   total 65536K, used 20791K [0x0000000082000000, 0x0000000100000000)
  region size 1024K, 3 young (3072K), 3 survivors (3072K)
 Metaspace       used 26921K, committed 27392K, reserved 1114112K
  class space    used 3814K, committed 4032K, reserved 1048576K
}
Event: 6.771 GC heap before
{Heap before GC invocations=7 (full 0):
 garbage-first heap   total 65536K, used 46391K [0x0000000082000000, 0x0000000100000000)
  region size 1024K, 28 young (28672K), 3 survivors (3072K)
 Metaspace       used 30112K, committed 30592K, reserved 1114112K
  class space    used 4258K, committed 4480K, reserved 1048576K
}
Event: 6.777 GC heap after
{Heap after GC invocations=8 (full 0):
 garbage-first heap   total 65536K, used 22909K [0x0000000082000000, 0x0000000100000000)
  region size 1024K, 3 young (3072K), 3 survivors (3072K)
 Metaspace       used 30112K, committed 30592K, reserved 1114112K
  class space    used 4258K, committed 4480K, reserved 1048576K
}
Event: 7.433 GC heap before
{Heap before GC invocations=8 (full 0):
 garbage-first heap   total 65536K, used 47485K [0x0000000082000000, 0x0000000100000000)
  region size 1024K, 27 young (27648K), 3 survivors (3072K)
 Metaspace       used 34964K, committed 35520K, reserved 1114112K
  class space    used 4976K, committed 5248K, reserved 1048576K
}
Event: 7.437 GC heap after
{Heap after GC invocations=9 (full 0):
 garbage-first heap   total 65536K, used 24241K [0x0000000082000000, 0x0000000100000000)
  region size 1024K, 4 young (4096K), 4 survivors (4096K)
 Metaspace       used 34964K, committed 35520K, reserved 1114112K
  class space    used 4976K, committed 5248K, reserved 1048576K
}
Event: 7.473 GC heap before
{Heap before GC invocations=9 (full 0):
 garbage-first heap   total 65536K, used 25265K [0x0000000082000000, 0x0000000100000000)
  region size 1024K, 6 young (6144K), 4 survivors (4096K)
 Metaspace       used 35454K, committed 35968K, reserved 1114112K
  class space    used 5034K, committed 5312K, reserved 1048576K
}
Event: 7.477 GC heap after
{Heap after GC invocations=10 (full 0):
 garbage-first heap   total 65536K, used 24443K [0x0000000082000000, 0x0000000100000000)
  region size 1024K, 2 young (2048K), 2 survivors (2048K)
 Metaspace       used 35454K, committed 35968K, reserved 1114112K
  class space    used 5034K, committed 5312K, reserved 1048576K
}
Event: 8.093 GC heap before
{Heap before GC invocations=11 (full 0):
 garbage-first heap   total 65536K, used 50043K [0x0000000082000000, 0x0000000100000000)
  region size 1024K, 27 young (27648K), 2 survivors (2048K)
 Metaspace       used 41634K, committed 42176K, reserved 1114112K
  class space    used 5988K, committed 6272K, reserved 1048576K
}
Event: 8.096 GC heap after
{Heap after GC invocations=12 (full 0):
 garbage-first heap   total 65536K, used 25643K [0x0000000082000000, 0x0000000100000000)
  region size 1024K, 3 young (3072K), 3 survivors (3072K)
 Metaspace       used 41634K, committed 42176K, reserved 1114112K
  class space    used 5988K, committed 6272K, reserved 1048576K
}
Event: 8.722 GC heap before
{Heap before GC invocations=12 (full 0):
 garbage-first heap   total 65536K, used 50219K [0x0000000082000000, 0x0000000100000000)
  region size 1024K, 28 young (28672K), 3 survivors (3072K)
 Metaspace       used 47199K, committed 47808K, reserved 1114112K
  class space    used 6778K, committed 7040K, reserved 1048576K
}
Event: 8.726 GC heap after
{Heap after GC invocations=13 (full 0):
 garbage-first heap   total 65536K, used 27304K [0x0000000082000000, 0x0000000100000000)
  region size 1024K, 4 young (4096K), 4 survivors (4096K)
 Metaspace       used 47199K, committed 47808K, reserved 1114112K
  class space    used 6778K, committed 7040K, reserved 1048576K
}
Event: 9.486 GC heap before
{Heap before GC invocations=13 (full 0):
 garbage-first heap   total 65536K, used 50856K [0x0000000082000000, 0x0000000100000000)
  region size 1024K, 27 young (27648K), 4 survivors (4096K)
 Metaspace       used 51422K, committed 52096K, reserved 1114112K
  class space    used 7487K, committed 7808K, reserved 1048576K
}
Event: 9.490 GC heap after
{Heap after GC invocations=14 (full 0):
 garbage-first heap   total 65536K, used 28038K [0x0000000082000000, 0x0000000100000000)
  region size 1024K, 3 young (3072K), 3 survivors (3072K)
 Metaspace       used 51422K, committed 52096K, reserved 1114112K
  class space    used 7487K, committed 7808K, reserved 1048576K
}

